<?xml version="1.0" encoding="UTF-8"?>
<!-- Generated by org.testng.reporters.JUnitXMLReporter -->
<testsuite ignored="4" hostname="LTIN511972" failures="0" tests="3" name="Test" time="25.819" errors="0" timestamp="2024-05-07T11:25:05 IST">
  <testcase classname="testCases.TC_001_IdentifyCourses" name="IdentifyCoursesValidation" time="11.777"/>
  <testcase classname="testCases.TC_002_Explore" name="exploreValidation" time="3.331"/>
  <testcase classname="testCases.TC_003_ForBusiness" name="enterpriseValidation" time="10.376"/>
  <testcase classname="testBase.BaseClass" name="@BeforeSuite setup" time="0.0">
    <ignored/>
  </testcase> <!-- @BeforeSuite setup -->
  <testcase classname="testBase.BaseClass" name="@AfterSuite tearDown" time="0.0">
    <ignored/>
  </testcase> <!-- @AfterSuite tearDown -->
  <testcase classname="testBase.BaseClass" name="@BeforeSuite setup" time="0.0">
    <ignored/>
  </testcase> <!-- @BeforeSuite setup -->
  <testcase classname="testBase.BaseClass" name="@AfterSuite tearDown" time="0.0">
    <ignored/>
  </testcase> <!-- @AfterSuite tearDown -->
</testsuite> <!-- Test -->
