<?xml version="1.0" encoding="UTF-8"?>
<testng-results ignored="0" total="3" passed="3" failed="0" skipped="0">
  <reporter-output>
  </reporter-output>
  <suite started-at="2024-05-07T11:24:39 IST" name="Suite" finished-at="2024-05-07T11:25:05 IST" duration-ms="25819">
    <groups>
    </groups>
    <test started-at="2024-05-07T11:24:39 IST" name="Test" finished-at="2024-05-07T11:25:05 IST" duration-ms="25819">
      <class name="testCases.TC_001_IdentifyCourses">
        <test-method is-config="true" signature="setup()[pri:0, instance:testCases.TC_001_IdentifyCourses@6f03482]" started-at="2024-05-07T11:24:21 IST" name="setup" finished-at="2024-05-07T11:24:39 IST" duration-ms="18181" status="PASS">
          <reporter-output>
          </reporter-output>
        </test-method> <!-- setup -->
        <test-method signature="IdentifyCoursesValidation()[pri:0, instance:testCases.TC_001_IdentifyCourses@6f03482]" started-at="2024-05-07T11:24:40 IST" name="IdentifyCoursesValidation" finished-at="2024-05-07T11:24:51 IST" duration-ms="11777" status="PASS">
          <reporter-output>
          </reporter-output>
        </test-method> <!-- IdentifyCoursesValidation -->
        <test-method is-config="true" signature="tearDown()[pri:0, instance:testCases.TC_001_IdentifyCourses@6f03482]" started-at="2024-05-07T11:25:05 IST" name="tearDown" finished-at="2024-05-07T11:25:07 IST" duration-ms="1254" status="PASS">
          <reporter-output>
          </reporter-output>
        </test-method> <!-- tearDown -->
      </class> <!-- testCases.TC_001_IdentifyCourses -->
      <class name="testCases.TC_002_Explore">
        <test-method signature="exploreValidation()[pri:0, instance:testCases.TC_002_Explore@7eac9008]" started-at="2024-05-07T11:24:51 IST" name="exploreValidation" finished-at="2024-05-07T11:24:55 IST" duration-ms="3331" status="PASS">
          <reporter-output>
          </reporter-output>
        </test-method> <!-- exploreValidation -->
      </class> <!-- testCases.TC_002_Explore -->
      <class name="testCases.TC_003_ForBusiness">
        <test-method signature="enterpriseValidation()[pri:0, instance:testCases.TC_003_ForBusiness@4116aac9]" started-at="2024-05-07T11:24:55 IST" name="enterpriseValidation" finished-at="2024-05-07T11:25:05 IST" duration-ms="10376" status="PASS">
          <reporter-output>
          </reporter-output>
        </test-method> <!-- enterpriseValidation -->
      </class> <!-- testCases.TC_003_ForBusiness -->
    </test> <!-- Test -->
  </suite> <!-- Suite -->
</testng-results>
